{"numFailedTestSuites":12,"numFailedTests":1,"numPassedTestSuites":63,"numPassedTests":150,"numPendingTestSuites":0,"numPendingTests":0,"numRuntimeErrorTestSuites":11,"numTodoTests":0,"numTotalTestSuites":75,"numTotalTests":151,"openHandles":[],"snapshot":{"added":0,"didUpdate":false,"failure":false,"filesAdded":0,"filesRemoved":0,"filesRemovedList":[],"filesUnmatched":0,"filesUpdated":0,"matched":0,"total":0,"unchecked":0,"uncheckedKeysByFile":[],"unmatched":0,"updated":0},"startTime":1777966832908,"success":false,"testResults":[{"assertionResults":[],"coverage":{},"endTime":1777966900422,"message":"  ● Test suite failed to run\n\n    \u001b[96mtests/unit/usecases/appointment/rescheduleAppointment.test.ts\u001b[0m:\u001b[93m58\u001b[0m:\u001b[93m23\u001b[0m - \u001b[91merror\u001b[0m\u001b[90m TS2339: \u001b[0mProperty 'slotStart' does not exist on type 'AppointmentRecord | { status: string; proposalId: string; }'.\n      Property 'slotStart' does not exist on type '{ status: string; proposalId: string; }'.\n\n    \u001b[7m58\u001b[0m         expect(result.slotStart).toBe('11:00');\n    \u001b[7m  \u001b[0m \u001b[91m                      ~~~~~~~~~\u001b[0m\n","name":"C:\\Users\\arjun\\OneDrive\\Desktop\\projrct\\MedixFlow_final\\apps\\api\\tests\\unit\\usecases\\appointment\\rescheduleAppointment.test.ts","startTime":1777966900422,"status":"failed","summary":""},{"assertionResults":[{"ancestorTitles":["GetPatientDashboardStatsUseCase"],"duration":124,"failing":false,"failureDetails":[],"failureMessages":[],"fullName":"GetPatientDashboardStatsUseCase should fetch appointments and patient info for dashboard","invocations":1,"location":null,"numPassingAsserts":4,"retryReasons":[],"startAt":1777966865863,"status":"passed","title":"should fetch appointments and patient info for dashboard"}],"endTime":1777966866004,"message":"","name":"C:\\Users\\arjun\\OneDrive\\Desktop\\projrct\\MedixFlow_final\\apps\\api\\tests\\unit\\usecases\\patient\\getPatientDashboardStats.test.ts","startTime":1777966833879,"status":"passed","summary":""},{"assertionResults":[],"coverage":{},"endTime":1777966900422,"message":"  ● Test suite failed to run\n\n    \u001b[96mtests/unit/usecases/doctor/getDoctorAppointments.test.ts\u001b[0m:\u001b[93m40\u001b[0m:\u001b[93m16\u001b[0m - \u001b[91merror\u001b[0m\u001b[90m TS2531: \u001b[0mObject is possibly 'null'.\n\n    \u001b[7m40\u001b[0m         expect(result.data[0].consultation.status).toBe('IN_PROGRESS');\n    \u001b[7m  \u001b[0m \u001b[91m               ~~~~~~~~~~~~~~~~~~~~~~~~~~~\u001b[0m\n","name":"C:\\Users\\arjun\\OneDrive\\Desktop\\projrct\\MedixFlow_final\\apps\\api\\tests\\unit\\usecases\\doctor\\getDoctorAppointments.test.ts","startTime":1777966900422,"status":"failed","summary":""},{"assertionResults":[],"coverage":{},"endTime":1777966900422,"message":"  ● Test suite failed to run\n\n    \u001b[96mtests/unit/usecases/consultation/completeConsultation.test.ts\u001b[0m:\u001b[93m41\u001b[0m:\u001b[93m61\u001b[0m - \u001b[91merror\u001b[0m\u001b[90m TS2345: \u001b[0mArgument of type '{ diagnosis: string; }' is not assignable to parameter of type 'SaveMedicalRecordDTO'.\n      Property 'symptoms' is missing in type '{ diagnosis: string; }' but required in type 'SaveMedicalRecordDTO'.\n\n    \u001b[7m41\u001b[0m         await useCase.execute('c-1', 'd-1', { weight: 70 }, { diagnosis: 'Cold' }, { medicines: [] });\n    \u001b[7m  \u001b[0m \u001b[91m                                                            ~~~~~~~~~~~~~~~~~~~~~\u001b[0m\n\n      \u001b[96msrc/domain/repositories/IConsultationRepository.ts\u001b[0m:\u001b[93m17\u001b[0m:\u001b[93m3\u001b[0m\n        \u001b[7m17\u001b[0m   symptoms: string;\n        \u001b[7m  \u001b[0m \u001b[96m  ~~~~~~~~\u001b[0m\n        'symptoms' is declared here.\n","name":"C:\\Users\\arjun\\OneDrive\\Desktop\\projrct\\MedixFlow_final\\apps\\api\\tests\\unit\\usecases\\consultation\\completeConsultation.test.ts","startTime":1777966900422,"status":"failed","summary":""},{"assertionResults":[{"ancestorTitles":["MarkNotificationAsReadUseCase"],"duration":63,"failing":false,"failureDetails":[],"failureMessages":[],"fullName":"MarkNotificationAsReadUseCase should mark single notification as read","invocations":1,"location":null,"numPassingAsserts":3,"retryReasons":[],"startAt":1777966866538,"status":"passed","title":"should mark single notification as read"},{"ancestorTitles":["MarkNotificationAsReadUseCase"],"duration":11,"failing":false,"failureDetails":[],"failureMessages":[],"fullName":"MarkNotificationAsReadUseCase should mark all notifications as read if no id provided","invocations":1,"location":null,"numPassingAsserts":2,"retryReasons":[],"startAt":1777966866602,"status":"passed","title":"should mark all notifications as read if no id provided"}],"endTime":1777966866622,"message":"","name":"C:\\Users\\arjun\\OneDrive\\Desktop\\projrct\\MedixFlow_final\\apps\\api\\tests\\unit\\usecases\\notification\\MarkNotificationAsReadUseCase.test.ts","startTime":1777966833995,"status":"passed","summary":""},{"assertionResults":[{"ancestorTitles":["CheckRescheduleConflictUseCase"],"duration":78,"failing":false,"failureDetails":[],"failureMessages":[],"fullName":"CheckRescheduleConflictUseCase should return conflict if date is in the past","invocations":1,"location":null,"numPassingAsserts":2,"retryReasons":[],"startAt":1777966866352,"status":"passed","title":"should return conflict if date is in the past"},{"ancestorTitles":["CheckRescheduleConflictUseCase"],"duration":26,"failing":false,"failureDetails":[],"failureMessages":[],"fullName":"CheckRescheduleConflictUseCase should call repository checkConflict if date is valid","invocations":1,"location":null,"numPassingAsserts":2,"retryReasons":[],"startAt":1777966866432,"status":"passed","title":"should call repository checkConflict if date is valid"},{"ancestorTitles":["CheckRescheduleConflictUseCase"],"duration":20,"failing":false,"failureDetails":[{}],"failureMessages":["TypeError: Cannot read properties of undefined (reading '0')\n    at Object.<anonymous> (C:\\Users\\arjun\\OneDrive\\Desktop\\projrct\\MedixFlow_final\\apps\\api\\tests\\unit\\usecases\\appointment\\checkRescheduleConflict.test.ts:65:73)\n    at processTicksAndRejections (node:internal/process/task_queues:103:5)"],"fullName":"CheckRescheduleConflictUseCase should pass correct startTime and endTime to repository","invocations":1,"location":null,"numPassingAsserts":0,"retryReasons":[],"startAt":1777966866459,"status":"failed","title":"should pass correct startTime and endTime to repository"}],"endTime":1777966866677,"message":"  ● CheckRescheduleConflictUseCase › should pass correct startTime and endTime to repository\n\n    TypeError: Cannot read properties of undefined (reading '0')\n\n    \u001b[0m \u001b[90m 63 |\u001b[39m         \u001b[36mawait\u001b[39m useCase\u001b[33m.\u001b[39mexecute({ \u001b[33m...\u001b[39mmockInput\u001b[33m,\u001b[39m newDate\u001b[33m:\u001b[39m testDate\u001b[33m,\u001b[39m slotStart\u001b[33m:\u001b[39m \u001b[32m'14:30'\u001b[39m\u001b[33m,\u001b[39m slotEnd\u001b[33m:\u001b[39m \u001b[32m'15:00'\u001b[39m })\u001b[33m;\u001b[39m\n     \u001b[90m 64 |\u001b[39m\n    \u001b[31m\u001b[1m>\u001b[22m\u001b[39m\u001b[90m 65 |\u001b[39m         \u001b[36mconst\u001b[39m callArgs \u001b[33m=\u001b[39m mockAppointmentRepo\u001b[33m.\u001b[39mcheckConflict\u001b[33m.\u001b[39mmock\u001b[33m.\u001b[39mcalls[\u001b[35m0\u001b[39m][\u001b[35m0\u001b[39m]\u001b[33m;\u001b[39m\n     \u001b[90m    |\u001b[39m                                                                         \u001b[31m\u001b[1m^\u001b[22m\u001b[39m\n     \u001b[90m 66 |\u001b[39m         expect(callArgs\u001b[33m.\u001b[39mstartTime\u001b[33m.\u001b[39mgetUTCHours())\u001b[33m.\u001b[39mtoBe(\u001b[35m14\u001b[39m)\u001b[33m;\u001b[39m\n     \u001b[90m 67 |\u001b[39m         expect(callArgs\u001b[33m.\u001b[39mstartTime\u001b[33m.\u001b[39mgetUTCMinutes())\u001b[33m.\u001b[39mtoBe(\u001b[35m30\u001b[39m)\u001b[33m;\u001b[39m\n     \u001b[90m 68 |\u001b[39m         expect(callArgs\u001b[33m.\u001b[39mendTime\u001b[33m.\u001b[39mgetUTCHours())\u001b[33m.\u001b[39mtoBe(\u001b[35m15\u001b[39m)\u001b[33m;\u001b[39m\u001b[0m\n\n      at Object.<anonymous> (tests/unit/usecases/appointment/checkRescheduleConflict.test.ts:65:73)\n","name":"C:\\Users\\arjun\\OneDrive\\Desktop\\projrct\\MedixFlow_final\\apps\\api\\tests\\unit\\usecases\\appointment\\checkRescheduleConflict.test.ts","startTime":1777966833856,"status":"failed","summary":""},{"assertionResults":[{"ancestorTitles":["GetNotificationsUseCase"],"duration":73,"failing":false,"failureDetails":[],"failureMessages":[],"fullName":"GetNotificationsUseCase should return cached notifications if available for page 1","invocations":1,"location":null,"numPassingAsserts":3,"retryReasons":[],"startAt":1777966866687,"status":"passed","title":"should return cached notifications if available for page 1"},{"ancestorTitles":["GetNotificationsUseCase"],"duration":19,"failing":false,"failureDetails":[],"failureMessages":[],"fullName":"GetNotificationsUseCase should fetch from repository and update cache if cache miss","invocations":1,"location":null,"numPassingAsserts":3,"retryReasons":[],"startAt":1777966866761,"status":"passed","title":"should fetch from repository and update cache if cache miss"},{"ancestorTitles":["GetNotificationsUseCase"],"duration":10,"failing":false,"failureDetails":[],"failureMessages":[],"fullName":"GetNotificationsUseCase should not use cache for page > 1","invocations":1,"location":null,"numPassingAsserts":2,"retryReasons":[],"startAt":1777966866780,"status":"passed","title":"should not use cache for page > 1"}],"endTime":1777966866811,"message":"","name":"C:\\Users\\arjun\\OneDrive\\Desktop\\projrct\\MedixFlow_final\\apps\\api\\tests\\unit\\usecases\\notification\\GetNotificationsUseCase.test.ts","startTime":1777966833874,"status":"passed","summary":""},{"assertionResults":[{"ancestorTitles":["SendNotificationUseCase"],"duration":171,"failing":false,"failureDetails":[],"failureMessages":[],"fullName":"SendNotificationUseCase should successfully send notification and update state","invocations":1,"location":null,"numPassingAsserts":6,"retryReasons":[],"startAt":1777966867250,"status":"passed","title":"should successfully send notification and update state"}],"endTime":1777966867438,"message":"","name":"C:\\Users\\arjun\\OneDrive\\Desktop\\projrct\\MedixFlow_final\\apps\\api\\tests\\unit\\usecases\\notification\\SendNotificationUseCase.test.ts","startTime":1777966833935,"status":"passed","summary":""},{"assertionResults":[{"ancestorTitles":["UpdateStaffDoctorUseCase"],"duration":125,"failing":false,"failureDetails":[],"failureMessages":[],"fullName":"UpdateStaffDoctorUseCase should call repository updateDoctor","invocations":1,"location":null,"numPassingAsserts":2,"retryReasons":[],"startAt":1777966869140,"status":"passed","title":"should call repository updateDoctor"}],"endTime":1777966869298,"message":"","name":"C:\\Users\\arjun\\OneDrive\\Desktop\\projrct\\MedixFlow_final\\apps\\api\\tests\\unit\\usecases\\staff\\UpdateStaffDoctorUseCase.test.ts","startTime":1777966833858,"status":"passed","summary":""},{"assertionResults":[{"ancestorTitles":["UpdatePatientProfileUseCase"],"duration":101,"failing":false,"failureDetails":[],"failureMessages":[],"fullName":"UpdatePatientProfileUseCase should successfully update and return profile","invocations":1,"location":null,"numPassingAsserts":2,"retryReasons":[],"startAt":1777966869259,"status":"passed","title":"should successfully update and return profile"}],"endTime":1777966869374,"message":"","name":"C:\\Users\\arjun\\OneDrive\\Desktop\\projrct\\MedixFlow_final\\apps\\api\\tests\\unit\\usecases\\patient\\updatePatientProfile.test.ts","startTime":1777966834000,"status":"passed","summary":""},{"assertionResults":[{"ancestorTitles":["GetPatientProfileUseCase"],"duration":93,"failing":false,"failureDetails":[],"failureMessages":[],"fullName":"GetPatientProfileUseCase should return patient profile with completion percentage","invocations":1,"location":null,"numPassingAsserts":2,"retryReasons":[],"startAt":1777966869206,"status":"passed","title":"should return patient profile with completion percentage"},{"ancestorTitles":["GetPatientProfileUseCase"],"duration":57,"failing":false,"failureDetails":[],"failureMessages":[],"fullName":"GetPatientProfileUseCase should throw error if patient not found","invocations":1,"location":null,"numPassingAsserts":1,"retryReasons":[],"startAt":1777966869300,"status":"passed","title":"should throw error if patient not found"}],"endTime":1777966869387,"message":"","name":"C:\\Users\\arjun\\OneDrive\\Desktop\\projrct\\MedixFlow_final\\apps\\api\\tests\\unit\\usecases\\patient\\getPatientProfile.test.ts","startTime":1777966833856,"status":"passed","summary":""},{"assertionResults":[{"ancestorTitles":["DeleteDoctorUseCase"],"duration":20,"failing":false,"failureDetails":[],"failureMessages":[],"fullName":"DeleteDoctorUseCase should call repository deleteDoctor","invocations":1,"location":null,"numPassingAsserts":1,"retryReasons":[],"startAt":1777966872126,"status":"passed","title":"should call repository deleteDoctor"}],"endTime":1777966872147,"message":"","name":"C:\\Users\\arjun\\OneDrive\\Desktop\\projrct\\MedixFlow_final\\apps\\api\\tests\\unit\\usecases\\staff\\DeleteDoctorUseCase.test.ts","startTime":1777966866159,"status":"passed","summary":""},{"assertionResults":[{"ancestorTitles":["CalculateProfileCompletionUseCase"],"duration":54,"failing":false,"failureDetails":[],"failureMessages":[],"fullName":"CalculateProfileCompletionUseCase should return 100 if all fields are filled","invocations":1,"location":null,"numPassingAsserts":1,"retryReasons":[],"startAt":1777966872288,"status":"passed","title":"should return 100 if all fields are filled"},{"ancestorTitles":["CalculateProfileCompletionUseCase"],"duration":10,"failing":false,"failureDetails":[],"failureMessages":[],"fullName":"CalculateProfileCompletionUseCase should return lower percentage if fields are missing","invocations":1,"location":null,"numPassingAsserts":1,"retryReasons":[],"startAt":1777966872343,"status":"passed","title":"should return lower percentage if fields are missing"},{"ancestorTitles":["CalculateProfileCompletionUseCase"],"duration":2,"failing":false,"failureDetails":[],"failureMessages":[],"fullName":"CalculateProfileCompletionUseCase should return 0 if patient is null","invocations":1,"location":null,"numPassingAsserts":1,"retryReasons":[],"startAt":1777966872353,"status":"passed","title":"should return 0 if patient is null"}],"endTime":1777966872371,"message":"","name":"C:\\Users\\arjun\\OneDrive\\Desktop\\projrct\\MedixFlow_final\\apps\\api\\tests\\unit\\usecases\\patient\\CalculateProfileCompletionUseCase.test.ts","startTime":1777966866241,"status":"passed","summary":""},{"assertionResults":[{"ancestorTitles":["DeleteNotificationsUseCase"],"duration":83,"failing":false,"failureDetails":[],"failureMessages":[],"fullName":"DeleteNotificationsUseCase should delete all notifications and reset state","invocations":1,"location":null,"numPassingAsserts":3,"retryReasons":[],"startAt":1777966872404,"status":"passed","title":"should delete all notifications and reset state"}],"endTime":1777966872506,"message":"","name":"C:\\Users\\arjun\\OneDrive\\Desktop\\projrct\\MedixFlow_final\\apps\\api\\tests\\unit\\usecases\\notification\\DeleteNotificationsUseCase.test.ts","startTime":1777966866446,"status":"passed","summary":""},{"assertionResults":[{"ancestorTitles":["GetUnreadCountUseCase"],"duration":67,"failing":false,"failureDetails":[],"failureMessages":[],"fullName":"GetUnreadCountUseCase should return cached count if available","invocations":1,"location":null,"numPassingAsserts":2,"retryReasons":[],"startAt":1777966872389,"status":"passed","title":"should return cached count if available"},{"ancestorTitles":["GetUnreadCountUseCase"],"duration":29,"failing":false,"failureDetails":[],"failureMessages":[],"fullName":"GetUnreadCountUseCase should fetch from repo and update cache if count not cached","invocations":1,"location":null,"numPassingAsserts":3,"retryReasons":[],"startAt":1777966872467,"status":"passed","title":"should fetch from repo and update cache if count not cached"}],"endTime":1777966872506,"message":"","name":"C:\\Users\\arjun\\OneDrive\\Desktop\\projrct\\MedixFlow_final\\apps\\api\\tests\\unit\\usecases\\notification\\GetUnreadCountUseCase.test.ts","startTime":1777966866117,"status":"passed","summary":""},{"assertionResults":[{"ancestorTitles":["GetDoctorsUseCase (Staff version)"],"duration":19,"failing":false,"failureDetails":[],"failureMessages":[],"fullName":"GetDoctorsUseCase (Staff version) should call repository getDoctors with filters","invocations":1,"location":null,"numPassingAsserts":1,"retryReasons":[],"startAt":1777966875242,"status":"passed","title":"should call repository getDoctors with filters"}],"endTime":1777966875277,"message":"","name":"C:\\Users\\arjun\\OneDrive\\Desktop\\projrct\\MedixFlow_final\\apps\\api\\tests\\unit\\usecases\\staff\\GetDoctorsUseCase.test.ts","startTime":1777966869456,"status":"passed","summary":""},{"assertionResults":[{"ancestorTitles":["SetupPasswordUseCase"],"duration":12,"failing":false,"failureDetails":[],"failureMessages":[],"fullName":"SetupPasswordUseCase should successfully setup password","invocations":1,"location":null,"numPassingAsserts":1,"retryReasons":[],"startAt":1777966875463,"status":"passed","title":"should successfully setup password"},{"ancestorTitles":["SetupPasswordUseCase"],"duration":59,"failing":false,"failureDetails":[],"failureMessages":[],"fullName":"SetupPasswordUseCase should throw BusinessRuleError if token or password missing","invocations":1,"location":null,"numPassingAsserts":1,"retryReasons":[],"startAt":1777966875475,"status":"passed","title":"should throw BusinessRuleError if token or password missing"}],"endTime":1777966875535,"message":"","name":"C:\\Users\\arjun\\OneDrive\\Desktop\\projrct\\MedixFlow_final\\apps\\api\\tests\\unit\\usecases\\staff\\SetupPasswordUseCase.test.ts","startTime":1777966869453,"status":"passed","summary":""},{"assertionResults":[{"ancestorTitles":["GenerateSlotsUseCase"],"duration":50,"failing":false,"failureDetails":[],"failureMessages":[],"fullName":"GenerateSlotsUseCase should generate slots based on doctor schedule","invocations":1,"location":null,"numPassingAsserts":2,"retryReasons":[],"startAt":1777966878198,"status":"passed","title":"should generate slots based on doctor schedule"},{"ancestorTitles":["GenerateSlotsUseCase"],"duration":2,"failing":false,"failureDetails":[],"failureMessages":[],"fullName":"GenerateSlotsUseCase should skip if slots already exist","invocations":1,"location":null,"numPassingAsserts":1,"retryReasons":[],"startAt":1777966878248,"status":"passed","title":"should skip if slots already exist"},{"ancestorTitles":["GenerateSlotsUseCase"],"duration":99,"failing":false,"failureDetails":[],"failureMessages":[],"fullName":"GenerateSlotsUseCase should throw error if no schedules found","invocations":1,"location":null,"numPassingAsserts":1,"retryReasons":[],"startAt":1777966878260,"status":"passed","title":"should throw error if no schedules found"}],"endTime":1777966878370,"message":"","name":"C:\\Users\\arjun\\OneDrive\\Desktop\\projrct\\MedixFlow_final\\apps\\api\\tests\\unit\\usecases\\slot\\generateSlots.test.ts","startTime":1777966872211,"status":"passed","summary":""},{"assertionResults":[{"ancestorTitles":["BlockDoctorUseCase"],"duration":9,"failing":false,"failureDetails":[],"failureMessages":[],"fullName":"BlockDoctorUseCase should block doctor and delete session if status is SUSPENDED","invocations":1,"location":null,"numPassingAsserts":2,"retryReasons":[],"startAt":1777966878512,"status":"passed","title":"should block doctor and delete session if status is SUSPENDED"},{"ancestorTitles":["BlockDoctorUseCase"],"duration":10,"failing":false,"failureDetails":[],"failureMessages":[],"fullName":"BlockDoctorUseCase should block doctor but not delete session if status is ACTIVE","invocations":1,"location":null,"numPassingAsserts":2,"retryReasons":[],"startAt":1777966878531,"status":"passed","title":"should block doctor but not delete session if status is ACTIVE"}],"endTime":1777966878542,"message":"","name":"C:\\Users\\arjun\\OneDrive\\Desktop\\projrct\\MedixFlow_final\\apps\\api\\tests\\unit\\usecases\\staff\\BlockDoctorUseCase.test.ts","startTime":1777966872564,"status":"passed","summary":""},{"assertionResults":[{"ancestorTitles":["VerifyRazorpayPaymentUseCase"],"duration":124,"failing":false,"failureDetails":[],"failureMessages":[],"fullName":"VerifyRazorpayPaymentUseCase should successfully verify and confirm Razorpay payment","invocations":1,"location":null,"numPassingAsserts":2,"retryReasons":[],"startAt":1777966878390,"status":"passed","title":"should successfully verify and confirm Razorpay payment"},{"ancestorTitles":["VerifyRazorpayPaymentUseCase"],"duration":81,"failing":false,"failureDetails":[],"failureMessages":[],"fullName":"VerifyRazorpayPaymentUseCase should throw error if signature invalid","invocations":1,"location":null,"numPassingAsserts":1,"retryReasons":[],"startAt":1777966878515,"status":"passed","title":"should throw error if signature invalid"}],"endTime":1777966878606,"message":"","name":"C:\\Users\\arjun\\OneDrive\\Desktop\\projrct\\MedixFlow_final\\apps\\api\\tests\\unit\\usecases\\payment\\VerifyRazorpayPaymentUseCase.test.ts","startTime":1777966872418,"status":"passed","summary":""},{"assertionResults":[{"ancestorTitles":["GetAvailableSlotCase"],"duration":40,"failing":false,"failureDetails":[],"failureMessages":[],"fullName":"GetAvailableSlotCase should successfully call SlotGenerator with mapped data","invocations":1,"location":null,"numPassingAsserts":2,"retryReasons":[],"startAt":1777966878908,"status":"passed","title":"should successfully call SlotGenerator with mapped data"},{"ancestorTitles":["GetAvailableSlotCase"],"duration":7,"failing":false,"failureDetails":[],"failureMessages":[],"fullName":"GetAvailableSlotCase should return empty array if no schedules found","invocations":1,"location":null,"numPassingAsserts":2,"retryReasons":[],"startAt":1777966878949,"status":"passed","title":"should return empty array if no schedules found"}],"endTime":1777966878964,"message":"","name":"C:\\Users\\arjun\\OneDrive\\Desktop\\projrct\\MedixFlow_final\\apps\\api\\tests\\unit\\usecases\\slot\\getAvailableSlots.test.ts","startTime":1777966872571,"status":"passed","summary":""},{"assertionResults":[{"ancestorTitles":["CreateDoctorUseCase"],"duration":22,"failing":false,"failureDetails":[],"failureMessages":[],"fullName":"CreateDoctorUseCase should successfully create doctor and send email","invocations":1,"location":null,"numPassingAsserts":3,"retryReasons":[],"startAt":1777966880468,"status":"passed","title":"should successfully create doctor and send email"}],"endTime":1777966880497,"message":"","name":"C:\\Users\\arjun\\OneDrive\\Desktop\\projrct\\MedixFlow_final\\apps\\api\\tests\\unit\\usecases\\staff\\CreateDoctorUseCase.test.ts","startTime":1777966875337,"status":"passed","summary":""},{"assertionResults":[{"ancestorTitles":["BookSlotUseCase"],"duration":12,"failing":false,"failureDetails":[],"failureMessages":[],"fullName":"BookSlotUseCase should successfully book a slot","invocations":1,"location":null,"numPassingAsserts":2,"retryReasons":[],"startAt":1777966880735,"status":"passed","title":"should successfully book a slot"},{"ancestorTitles":["BookSlotUseCase"],"duration":25,"failing":false,"failureDetails":[],"failureMessages":[],"fullName":"BookSlotUseCase should throw BusinessRuleError if slot is already booked","invocations":1,"location":null,"numPassingAsserts":1,"retryReasons":[],"startAt":1777966880747,"status":"passed","title":"should throw BusinessRuleError if slot is already booked"}],"endTime":1777966880780,"message":"","name":"C:\\Users\\arjun\\OneDrive\\Desktop\\projrct\\MedixFlow_final\\apps\\api\\tests\\unit\\usecases\\slot\\bookSlot.test.ts","startTime":1777966875611,"status":"passed","summary":""},{"assertionResults":[{"ancestorTitles":["VerifyStripePaymentUseCase"],"duration":22,"failing":false,"failureDetails":[],"failureMessages":[],"fullName":"VerifyStripePaymentUseCase should successfully verify and confirm Stripe payment","invocations":1,"location":null,"numPassingAsserts":2,"retryReasons":[],"startAt":1777966882878,"status":"passed","title":"should successfully verify and confirm Stripe payment"},{"ancestorTitles":["VerifyStripePaymentUseCase"],"duration":10,"failing":false,"failureDetails":[],"failureMessages":[],"fullName":"VerifyStripePaymentUseCase should return failure if payment status is not paid","invocations":1,"location":null,"numPassingAsserts":2,"retryReasons":[],"startAt":1777966882910,"status":"passed","title":"should return failure if payment status is not paid"}],"endTime":1777966882921,"message":"","name":"C:\\Users\\arjun\\OneDrive\\Desktop\\projrct\\MedixFlow_final\\apps\\api\\tests\\unit\\usecases\\payment\\VerifyStripePaymentUseCase.test.ts","startTime":1777966866730,"status":"passed","summary":""},{"assertionResults":[{"ancestorTitles":["VerifyPayPalPaymentUseCase"],"duration":25,"failing":false,"failureDetails":[],"failureMessages":[],"fullName":"VerifyPayPalPaymentUseCase should successfully verify and confirm PayPal payment","invocations":1,"location":null,"numPassingAsserts":2,"retryReasons":[],"startAt":1777966882872,"status":"passed","title":"should successfully verify and confirm PayPal payment"},{"ancestorTitles":["VerifyPayPalPaymentUseCase"],"duration":12,"failing":false,"failureDetails":[],"failureMessages":[],"fullName":"VerifyPayPalPaymentUseCase should return success if already PAID","invocations":1,"location":null,"numPassingAsserts":2,"retryReasons":[],"startAt":1777966882898,"status":"passed","title":"should return success if already PAID"},{"ancestorTitles":["VerifyPayPalPaymentUseCase"],"duration":74,"failing":false,"failureDetails":[],"failureMessages":[],"fullName":"VerifyPayPalPaymentUseCase should throw error if payment record not found","invocations":1,"location":null,"numPassingAsserts":1,"retryReasons":[],"startAt":1777966882910,"status":"passed","title":"should throw error if payment record not found"}],"endTime":1777966882985,"message":"","name":"C:\\Users\\arjun\\OneDrive\\Desktop\\projrct\\MedixFlow_final\\apps\\api\\tests\\unit\\usecases\\payment\\VerifyPayPalPaymentUseCase.test.ts","startTime":1777966866917,"status":"passed","summary":""},{"assertionResults":[{"ancestorTitles":["RefundAppointmentUseCase"],"duration":12,"failing":false,"failureDetails":[],"failureMessages":[],"fullName":"RefundAppointmentUseCase should exit early if no paid payment found","invocations":1,"location":null,"numPassingAsserts":2,"retryReasons":[],"startAt":1777966882889,"status":"passed","title":"should exit early if no paid payment found"},{"ancestorTitles":["RefundAppointmentUseCase"],"duration":99,"failing":false,"failureDetails":[],"failureMessages":[],"fullName":"RefundAppointmentUseCase should throw error if wallet not found","invocations":1,"location":null,"numPassingAsserts":1,"retryReasons":[],"startAt":1777966882902,"status":"passed","title":"should throw error if wallet not found"},{"ancestorTitles":["RefundAppointmentUseCase"],"duration":26,"failing":false,"failureDetails":[],"failureMessages":[],"fullName":"RefundAppointmentUseCase should refund everything to wallet if refundToWallet is true","invocations":1,"location":null,"numPassingAsserts":3,"retryReasons":[],"startAt":1777966883001,"status":"passed","title":"should refund everything to wallet if refundToWallet is true"},{"ancestorTitles":["RefundAppointmentUseCase"],"duration":26,"failing":false,"failureDetails":[],"failureMessages":[],"fullName":"RefundAppointmentUseCase should refund to gateway and wallet if refundToWallet is false","invocations":1,"location":null,"numPassingAsserts":2,"retryReasons":[],"startAt":1777966883027,"status":"passed","title":"should refund to gateway and wallet if refundToWallet is false"},{"ancestorTitles":["RefundAppointmentUseCase"],"duration":26,"failing":false,"failureDetails":[],"failureMessages":[],"fullName":"RefundAppointmentUseCase should handle Razorpay refund","invocations":1,"location":null,"numPassingAsserts":1,"retryReasons":[],"startAt":1777966883066,"status":"passed","title":"should handle Razorpay refund"}],"endTime":1777966883094,"message":"","name":"C:\\Users\\arjun\\OneDrive\\Desktop\\projrct\\MedixFlow_final\\apps\\api\\tests\\unit\\usecases\\appointment\\RefundAppointmentUseCase.test.ts","startTime":1777966867540,"status":"passed","summary":""},{"assertionResults":[{"ancestorTitles":["RetryPaymentUseCase"],"duration":10,"failing":false,"failureDetails":[],"failureMessages":[],"fullName":"RetryPaymentUseCase should successfully retry Stripe payment","invocations":1,"location":null,"numPassingAsserts":3,"retryReasons":[],"startAt":1777966883143,"status":"passed","title":"should successfully retry Stripe payment"},{"ancestorTitles":["RetryPaymentUseCase"],"duration":52,"failing":false,"failureDetails":[],"failureMessages":[],"fullName":"RetryPaymentUseCase should throw error if appointment status is not retryable","invocations":1,"location":null,"numPassingAsserts":1,"retryReasons":[],"startAt":1777966883153,"status":"passed","title":"should throw error if appointment status is not retryable"}],"endTime":1777966883207,"message":"","name":"C:\\Users\\arjun\\OneDrive\\Desktop\\projrct\\MedixFlow_final\\apps\\api\\tests\\unit\\usecases\\payment\\RetryPaymentUseCase.test.ts","startTime":1777966866796,"status":"passed","summary":""},{"assertionResults":[{"ancestorTitles":["SignUpUseCase"],"duration":12,"failing":false,"failureDetails":[],"failureMessages":[],"fullName":"SignUpUseCase should successfully initiate signup and send OTP","invocations":1,"location":null,"numPassingAsserts":4,"retryReasons":[],"startAt":1777966883289,"status":"passed","title":"should successfully initiate signup and send OTP"},{"ancestorTitles":["SignUpUseCase"],"duration":100,"failing":false,"failureDetails":[],"failureMessages":[],"fullName":"SignUpUseCase should throw error if user already exists","invocations":1,"location":null,"numPassingAsserts":1,"retryReasons":[],"startAt":1777966883302,"status":"passed","title":"should throw error if user already exists"},{"ancestorTitles":["SignUpUseCase"],"duration":2,"failing":false,"failureDetails":[],"failureMessages":[],"fullName":"SignUpUseCase should handle optional password (e.g. for Google Auth flows if redirected here)","invocations":1,"location":null,"numPassingAsserts":2,"retryReasons":[],"startAt":1777966883412,"status":"passed","title":"should handle optional password (e.g. for Google Auth flows if redirected here)"}],"endTime":1777966883426,"message":"","name":"C:\\Users\\arjun\\OneDrive\\Desktop\\projrct\\MedixFlow_final\\apps\\api\\tests\\unit\\usecases\\auth\\signup.test.ts","startTime":1777966878422,"status":"passed","summary":""},{"assertionResults":[{"ancestorTitles":["ResendOtpUseCase"],"duration":28,"failing":false,"failureDetails":[],"failureMessages":[],"fullName":"ResendOtpUseCase should successfully resend OTP","invocations":1,"location":null,"numPassingAsserts":4,"retryReasons":[],"startAt":1777966883446,"status":"passed","title":"should successfully resend OTP"},{"ancestorTitles":["ResendOtpUseCase"],"duration":69,"failing":false,"failureDetails":[],"failureMessages":[],"fullName":"ResendOtpUseCase should throw error if user is already ACTIVE","invocations":1,"location":null,"numPassingAsserts":1,"retryReasons":[],"startAt":1777966883484,"status":"passed","title":"should throw error if user is already ACTIVE"},{"ancestorTitles":["ResendOtpUseCase"],"duration":18,"failing":false,"failureDetails":[],"failureMessages":[],"fullName":"ResendOtpUseCase should throw error if registration data is missing and user does not exist","invocations":1,"location":null,"numPassingAsserts":1,"retryReasons":[],"startAt":1777966883553,"status":"passed","title":"should throw error if registration data is missing and user does not exist"}],"endTime":1777966883582,"message":"","name":"C:\\Users\\arjun\\OneDrive\\Desktop\\projrct\\MedixFlow_final\\apps\\api\\tests\\unit\\usecases\\auth\\resendOtp.test.ts","startTime":1777966878626,"status":"passed","summary":""},{"assertionResults":[{"ancestorTitles":["RefreshTokenUseCase"],"duration":11,"failing":false,"failureDetails":[],"failureMessages":[],"fullName":"RefreshTokenUseCase should successfully refresh access token","invocations":1,"location":null,"numPassingAsserts":3,"retryReasons":[],"startAt":1777966884048,"status":"passed","title":"should successfully refresh access token"},{"ancestorTitles":["RefreshTokenUseCase"],"duration":86,"failing":false,"failureDetails":[],"failureMessages":[],"fullName":"RefreshTokenUseCase should throw error if refresh token is missing","invocations":1,"location":null,"numPassingAsserts":1,"retryReasons":[],"startAt":1777966884060,"status":"passed","title":"should throw error if refresh token is missing"},{"ancestorTitles":["RefreshTokenUseCase"],"duration":18,"failing":false,"failureDetails":[],"failureMessages":[],"fullName":"RefreshTokenUseCase should throw error if role mismatch","invocations":1,"location":null,"numPassingAsserts":1,"retryReasons":[],"startAt":1777966884146,"status":"passed","title":"should throw error if role mismatch"},{"ancestorTitles":["RefreshTokenUseCase"],"duration":10,"failing":false,"failureDetails":[],"failureMessages":[],"fullName":"RefreshTokenUseCase should throw error if session expired or token mismatch","invocations":1,"location":null,"numPassingAsserts":1,"retryReasons":[],"startAt":1777966884164,"status":"passed","title":"should throw error if session expired or token mismatch"},{"ancestorTitles":["RefreshTokenUseCase"],"duration":9,"failing":false,"failureDetails":[],"failureMessages":[],"fullName":"RefreshTokenUseCase should throw error and delete session if account is blocked/inactive","invocations":1,"location":null,"numPassingAsserts":2,"retryReasons":[],"startAt":1777966884181,"status":"passed","title":"should throw error and delete session if account is blocked/inactive"}],"endTime":1777966884202,"message":"","name":"C:\\Users\\arjun\\OneDrive\\Desktop\\projrct\\MedixFlow_final\\apps\\api\\tests\\unit\\usecases\\auth\\refreshToken.test.ts","startTime":1777966879016,"status":"passed","summary":""},{"assertionResults":[{"ancestorTitles":["ConfirmPaymentUseCase"],"duration":603,"failing":false,"failureDetails":[],"failureMessages":[],"fullName":"ConfirmPaymentUseCase should successfully confirm payment and update appointment state","invocations":1,"location":null,"numPassingAsserts":5,"retryReasons":[],"startAt":1777966883847,"status":"passed","title":"should successfully confirm payment and update appointment state"},{"ancestorTitles":["ConfirmPaymentUseCase"],"duration":9,"failing":false,"failureDetails":[],"failureMessages":[],"fullName":"ConfirmPaymentUseCase should skip if appointment already BOOKED","invocations":1,"location":null,"numPassingAsserts":1,"retryReasons":[],"startAt":1777966884451,"status":"passed","title":"should skip if appointment already BOOKED"}],"endTime":1777966884461,"message":"","name":"C:\\Users\\arjun\\OneDrive\\Desktop\\projrct\\MedixFlow_final\\apps\\api\\tests\\unit\\usecases\\payment\\confirmPayment.test.ts","startTime":1777966878746,"status":"passed","summary":""},{"assertionResults":[{"ancestorTitles":["BookAppointmentUseCase","Validation"],"duration":187,"failing":false,"failureDetails":[],"failureMessages":[],"fullName":"BookAppointmentUseCase Validation should throw error if patientId or doctorId is missing","invocations":1,"location":null,"numPassingAsserts":1,"retryReasons":[],"startAt":1777966884734,"status":"passed","title":"should throw error if patientId or doctorId is missing"},{"ancestorTitles":["BookAppointmentUseCase","Validation"],"duration":18,"failing":false,"failureDetails":[],"failureMessages":[],"fullName":"BookAppointmentUseCase Validation should throw error if appointmentDate is missing","invocations":1,"location":null,"numPassingAsserts":1,"retryReasons":[],"startAt":1777966884921,"status":"passed","title":"should throw error if appointmentDate is missing"},{"ancestorTitles":["BookAppointmentUseCase","Validation"],"duration":12,"failing":false,"failureDetails":[],"failureMessages":[],"fullName":"BookAppointmentUseCase Validation should throw error if slot is invalid","invocations":1,"location":null,"numPassingAsserts":1,"retryReasons":[],"startAt":1777966884940,"status":"passed","title":"should throw error if slot is invalid"},{"ancestorTitles":["BookAppointmentUseCase","Validation"],"duration":21,"failing":false,"failureDetails":[],"failureMessages":[],"fullName":"BookAppointmentUseCase Validation should throw error if booking in the past","invocations":1,"location":null,"numPassingAsserts":1,"retryReasons":[],"startAt":1777966884953,"status":"passed","title":"should throw error if booking in the past"},{"ancestorTitles":["BookAppointmentUseCase","Business Rules"],"duration":17,"failing":false,"failureDetails":[],"failureMessages":[],"fullName":"BookAppointmentUseCase Business Rules should throw error if doctor not found","invocations":1,"location":null,"numPassingAsserts":1,"retryReasons":[],"startAt":1777966884974,"status":"passed","title":"should throw error if doctor not found"},{"ancestorTitles":["BookAppointmentUseCase","Business Rules"],"duration":14,"failing":false,"failureDetails":[],"failureMessages":[],"fullName":"BookAppointmentUseCase Business Rules should throw error if slot is full","invocations":1,"location":null,"numPassingAsserts":1,"retryReasons":[],"startAt":1777966884992,"status":"passed","title":"should throw error if slot is full"},{"ancestorTitles":["BookAppointmentUseCase","Business Rules"],"duration":9,"failing":false,"failureDetails":[],"failureMessages":[],"fullName":"BookAppointmentUseCase Business Rules should throw error if patient already has an appointment at this time","invocations":1,"location":null,"numPassingAsserts":1,"retryReasons":[],"startAt":1777966885006,"status":"passed","title":"should throw error if patient already has an appointment at this time"},{"ancestorTitles":["BookAppointmentUseCase","Payment Flows"],"duration":145,"failing":false,"failureDetails":[],"failureMessages":[],"fullName":"BookAppointmentUseCase Payment Flows should handle full wallet payment successfully","invocations":1,"location":null,"numPassingAsserts":4,"retryReasons":[],"startAt":1777966885025,"status":"passed","title":"should handle full wallet payment successfully"},{"ancestorTitles":["BookAppointmentUseCase","Payment Flows"],"duration":22,"failing":false,"failureDetails":[],"failureMessages":[],"fullName":"BookAppointmentUseCase Payment Flows should handle Stripe payment session creation","invocations":1,"location":null,"numPassingAsserts":3,"retryReasons":[],"startAt":1777966885170,"status":"passed","title":"should handle Stripe payment session creation"},{"ancestorTitles":["BookAppointmentUseCase","Payment Flows"],"duration":10,"failing":false,"failureDetails":[],"failureMessages":[],"fullName":"BookAppointmentUseCase Payment Flows should handle Razorpay order creation","invocations":1,"location":null,"numPassingAsserts":2,"retryReasons":[],"startAt":1777966885193,"status":"passed","title":"should handle Razorpay order creation"},{"ancestorTitles":["BookAppointmentUseCase","Notifications"],"duration":7,"failing":false,"failureDetails":[],"failureMessages":[],"fullName":"BookAppointmentUseCase Notifications should send notifications to both doctor and patient on full wallet booking","invocations":1,"location":null,"numPassingAsserts":3,"retryReasons":[],"startAt":1777966885208,"status":"passed","title":"should send notifications to both doctor and patient on full wallet booking"}],"endTime":1777966885224,"message":"","name":"C:\\Users\\arjun\\OneDrive\\Desktop\\projrct\\MedixFlow_final\\apps\\api\\tests\\unit\\usecases\\appointment\\bookAppointment.test.ts","startTime":1777966869408,"status":"passed","summary":""},{"assertionResults":[{"ancestorTitles":["ResetPasswordUseCase"],"duration":10,"failing":false,"failureDetails":[],"failureMessages":[],"fullName":"ResetPasswordUseCase should successfully reset password with valid token","invocations":1,"location":null,"numPassingAsserts":4,"retryReasons":[],"startAt":1777966885361,"status":"passed","title":"should successfully reset password with valid token"},{"ancestorTitles":["ResetPasswordUseCase"],"duration":25,"failing":false,"failureDetails":[],"failureMessages":[],"fullName":"ResetPasswordUseCase should throw error if token not found","invocations":1,"location":null,"numPassingAsserts":1,"retryReasons":[],"startAt":1777966885379,"status":"passed","title":"should throw error if token not found"},{"ancestorTitles":["ResetPasswordUseCase"],"duration":8,"failing":false,"failureDetails":[],"failureMessages":[],"fullName":"ResetPasswordUseCase should throw error if token expired","invocations":1,"location":null,"numPassingAsserts":1,"retryReasons":[],"startAt":1777966885404,"status":"passed","title":"should throw error if token expired"}],"endTime":1777966885422,"message":"","name":"C:\\Users\\arjun\\OneDrive\\Desktop\\projrct\\MedixFlow_final\\apps\\api\\tests\\unit\\usecases\\auth\\resetPassword.test.ts","startTime":1777966880538,"status":"passed","summary":""},{"assertionResults":[{"ancestorTitles":["ReviewLeaveUseCase"],"duration":8,"failing":false,"failureDetails":[],"failureMessages":[],"fullName":"ReviewLeaveUseCase should successfully approve leave","invocations":1,"location":null,"numPassingAsserts":2,"retryReasons":[],"startAt":1777966885806,"status":"passed","title":"should successfully approve leave"},{"ancestorTitles":["ReviewLeaveUseCase"],"duration":22,"failing":false,"failureDetails":[],"failureMessages":[],"fullName":"ReviewLeaveUseCase should throw error if leave not pending","invocations":1,"location":null,"numPassingAsserts":1,"retryReasons":[],"startAt":1777966885814,"status":"passed","title":"should throw error if leave not pending"}],"endTime":1777966885853,"message":"","name":"C:\\Users\\arjun\\OneDrive\\Desktop\\projrct\\MedixFlow_final\\apps\\api\\tests\\unit\\usecases\\leave\\ReviewLeaveUseCase.test.ts","startTime":1777966880810,"status":"passed","summary":""},{"assertionResults":[{"ancestorTitles":["GetConsultedPatientsUseCase"],"duration":13,"failing":false,"failureDetails":[],"failureMessages":[],"fullName":"GetConsultedPatientsUseCase should call repository getConsultedPatients","invocations":1,"location":null,"numPassingAsserts":2,"retryReasons":[],"startAt":1777966887809,"status":"passed","title":"should call repository getConsultedPatients"}],"endTime":1777966887823,"message":"","name":"C:\\Users\\arjun\\OneDrive\\Desktop\\projrct\\MedixFlow_final\\apps\\api\\tests\\unit\\usecases\\doctor\\getConsultedPatients.test.ts","startTime":1777966883477,"status":"passed","summary":""},{"assertionResults":[{"ancestorTitles":["GetDoctorDashboardStatsUseCase"],"duration":15,"failing":false,"failureDetails":[],"failureMessages":[],"fullName":"GetDoctorDashboardStatsUseCase should fetch raw stats and sort today appointments correctly","invocations":1,"location":null,"numPassingAsserts":4,"retryReasons":[],"startAt":1777966888118,"status":"passed","title":"should fetch raw stats and sort today appointments correctly"}],"endTime":1777966888134,"message":"","name":"C:\\Users\\arjun\\OneDrive\\Desktop\\projrct\\MedixFlow_final\\apps\\api\\tests\\unit\\usecases\\doctor\\getDoctorDashboardStats.test.ts","startTime":1777966883094,"status":"passed","summary":""},{"assertionResults":[{"ancestorTitles":["VerifyOtpUseCase"],"duration":14,"failing":false,"failureDetails":[],"failureMessages":[],"fullName":"VerifyOtpUseCase should successfully verify OTP and create patient","invocations":1,"location":null,"numPassingAsserts":5,"retryReasons":[],"startAt":1777966888116,"status":"passed","title":"should successfully verify OTP and create patient"},{"ancestorTitles":["VerifyOtpUseCase"],"duration":83,"failing":false,"failureDetails":[],"failureMessages":[],"fullName":"VerifyOtpUseCase should throw error if registration data is missing (expired)","invocations":1,"location":null,"numPassingAsserts":1,"retryReasons":[],"startAt":1777966888131,"status":"passed","title":"should throw error if registration data is missing (expired)"},{"ancestorTitles":["VerifyOtpUseCase"],"duration":28,"failing":false,"failureDetails":[],"failureMessages":[],"fullName":"VerifyOtpUseCase should propagate error if OTP verification fails","invocations":1,"location":null,"numPassingAsserts":1,"retryReasons":[],"startAt":1777966888227,"status":"passed","title":"should propagate error if OTP verification fails"}],"endTime":1777966888256,"message":"","name":"C:\\Users\\arjun\\OneDrive\\Desktop\\projrct\\MedixFlow_final\\apps\\api\\tests\\unit\\usecases\\auth\\verifyOtp.test.ts","startTime":1777966883175,"status":"passed","summary":""},{"assertionResults":[{"ancestorTitles":["LoginPatientUseCase"],"duration":23,"failing":false,"failureDetails":[],"failureMessages":[],"fullName":"LoginPatientUseCase should login successfully with valid credentials","invocations":1,"location":null,"numPassingAsserts":4,"retryReasons":[],"startAt":1777966888149,"status":"passed","title":"should login successfully with valid credentials"},{"ancestorTitles":["LoginPatientUseCase"],"duration":101,"failing":false,"failureDetails":[],"failureMessages":[],"fullName":"LoginPatientUseCase should throw error if user not found","invocations":1,"location":null,"numPassingAsserts":1,"retryReasons":[],"startAt":1777966888173,"status":"passed","title":"should throw error if user not found"},{"ancestorTitles":["LoginPatientUseCase"],"duration":25,"failing":false,"failureDetails":[],"failureMessages":[],"fullName":"LoginPatientUseCase should throw error for incorrect password","invocations":1,"location":null,"numPassingAsserts":1,"retryReasons":[],"startAt":1777966888274,"status":"passed","title":"should throw error for incorrect password"},{"ancestorTitles":["LoginPatientUseCase"],"duration":5,"failing":false,"failureDetails":[],"failureMessages":[],"fullName":"LoginPatientUseCase should throw specific error if user is a doctor","invocations":1,"location":null,"numPassingAsserts":1,"retryReasons":[],"startAt":1777966888299,"status":"passed","title":"should throw specific error if user is a doctor"},{"ancestorTitles":["LoginPatientUseCase"],"duration":14,"failing":false,"failureDetails":[],"failureMessages":[],"fullName":"LoginPatientUseCase should throw error if account is SUSPENDED","invocations":1,"location":null,"numPassingAsserts":1,"retryReasons":[],"startAt":1777966888304,"status":"passed","title":"should throw error if account is SUSPENDED"}],"endTime":1777966888330,"message":"","name":"C:\\Users\\arjun\\OneDrive\\Desktop\\projrct\\MedixFlow_final\\apps\\api\\tests\\unit\\usecases\\auth\\loginPatient.test.ts","startTime":1777966883033,"status":"passed","summary":""},{"assertionResults":[{"ancestorTitles":["RespondToProposalUseCase"],"duration":17,"failing":false,"failureDetails":[],"failureMessages":[],"fullName":"RespondToProposalUseCase should successfully reject a proposal","invocations":1,"location":null,"numPassingAsserts":3,"retryReasons":[],"startAt":1777966888516,"status":"passed","title":"should successfully reject a proposal"},{"ancestorTitles":["RespondToProposalUseCase"],"duration":186,"failing":false,"failureDetails":[],"failureMessages":[],"fullName":"RespondToProposalUseCase should successfully accept a proposal","invocations":1,"location":null,"numPassingAsserts":4,"retryReasons":[],"startAt":1777966888534,"status":"passed","title":"should successfully accept a proposal"},{"ancestorTitles":["RespondToProposalUseCase"],"duration":45,"failing":false,"failureDetails":[],"failureMessages":[],"fullName":"RespondToProposalUseCase should throw error if proposal not found","invocations":1,"location":null,"numPassingAsserts":1,"retryReasons":[],"startAt":1777966888721,"status":"passed","title":"should throw error if proposal not found"},{"ancestorTitles":["RespondToProposalUseCase"],"duration":11,"failing":false,"failureDetails":[],"failureMessages":[],"fullName":"RespondToProposalUseCase should throw error if proposal is not pending","invocations":1,"location":null,"numPassingAsserts":1,"retryReasons":[],"startAt":1777966888767,"status":"passed","title":"should throw error if proposal is not pending"},{"ancestorTitles":["RespondToProposalUseCase"],"duration":14,"failing":false,"failureDetails":[],"failureMessages":[],"fullName":"RespondToProposalUseCase should handle slot conflict and mark proposal as EXPIRED","invocations":1,"location":null,"numPassingAsserts":2,"retryReasons":[],"startAt":1777966888786,"status":"passed","title":"should handle slot conflict and mark proposal as EXPIRED"}],"endTime":1777966888811,"message":"","name":"C:\\Users\\arjun\\OneDrive\\Desktop\\projrct\\MedixFlow_final\\apps\\api\\tests\\unit\\usecases\\appointment\\RespondToProposalUseCase.test.ts","startTime":1777966883283,"status":"passed","summary":""},{"assertionResults":[{"ancestorTitles":["GetAllPaymentsUseCase"],"duration":13,"failing":false,"failureDetails":[],"failureMessages":[],"fullName":"GetAllPaymentsUseCase should call repository findAll with filters","invocations":1,"location":null,"numPassingAsserts":1,"retryReasons":[],"startAt":1777966888895,"status":"passed","title":"should call repository findAll with filters"}],"endTime":1777966888909,"message":"","name":"C:\\Users\\arjun\\OneDrive\\Desktop\\projrct\\MedixFlow_final\\apps\\api\\tests\\unit\\usecases\\payment\\GetAllPaymentsUseCase.test.ts","startTime":1777966884272,"status":"passed","summary":""},{"assertionResults":[{"ancestorTitles":["CancelAppointmentUseCase"],"duration":384,"failing":false,"failureDetails":[],"failureMessages":[],"fullName":"CancelAppointmentUseCase should successfully cancel an appointment","invocations":1,"location":null,"numPassingAsserts":7,"retryReasons":[],"startAt":1777966888609,"status":"passed","title":"should successfully cancel an appointment"},{"ancestorTitles":["CancelAppointmentUseCase"],"duration":47,"failing":false,"failureDetails":[],"failureMessages":[],"fullName":"CancelAppointmentUseCase should throw error if appointment not found","invocations":1,"location":null,"numPassingAsserts":1,"retryReasons":[],"startAt":1777966888993,"status":"passed","title":"should throw error if appointment not found"},{"ancestorTitles":["CancelAppointmentUseCase"],"duration":12,"failing":false,"failureDetails":[],"failureMessages":[],"fullName":"CancelAppointmentUseCase should throw error if unauthorized","invocations":1,"location":null,"numPassingAsserts":1,"retryReasons":[],"startAt":1777966889041,"status":"passed","title":"should throw error if unauthorized"},{"ancestorTitles":["CancelAppointmentUseCase"],"duration":10,"failing":false,"failureDetails":[],"failureMessages":[],"fullName":"CancelAppointmentUseCase should allow system action without patientId match","invocations":1,"location":null,"numPassingAsserts":1,"retryReasons":[],"startAt":1777966889053,"status":"passed","title":"should allow system action without patientId match"},{"ancestorTitles":["CancelAppointmentUseCase"],"duration":16,"failing":false,"failureDetails":[],"failureMessages":[],"fullName":"CancelAppointmentUseCase should throw error if status is already CANCELLED or COMPLETED","invocations":1,"location":null,"numPassingAsserts":2,"retryReasons":[],"startAt":1777966889063,"status":"passed","title":"should throw error if status is already CANCELLED or COMPLETED"},{"ancestorTitles":["CancelAppointmentUseCase"],"duration":17,"failing":false,"failureDetails":[],"failureMessages":[],"fullName":"CancelAppointmentUseCase should handle refund to wallet if requested","invocations":1,"location":null,"numPassingAsserts":1,"retryReasons":[],"startAt":1777966889079,"status":"passed","title":"should handle refund to wallet if requested"}],"endTime":1777966889097,"message":"","name":"C:\\Users\\arjun\\OneDrive\\Desktop\\projrct\\MedixFlow_final\\apps\\api\\tests\\unit\\usecases\\appointment\\cancelAppointment.test.ts","startTime":1777966883632,"status":"passed","summary":""},{"assertionResults":[{"ancestorTitles":["ProcessDoctorLeaveUseCase"],"duration":20,"failing":false,"failureDetails":[],"failureMessages":[],"fullName":"ProcessDoctorLeaveUseCase should process leave and notify patients of impacted appointments","invocations":1,"location":null,"numPassingAsserts":4,"retryReasons":[],"startAt":1777966889283,"status":"passed","title":"should process leave and notify patients of impacted appointments"},{"ancestorTitles":["ProcessDoctorLeaveUseCase"],"duration":3,"failing":false,"failureDetails":[],"failureMessages":[],"fullName":"ProcessDoctorLeaveUseCase should return 0 processed if no appointments impacted","invocations":1,"location":null,"numPassingAsserts":2,"retryReasons":[],"startAt":1777966889314,"status":"passed","title":"should return 0 processed if no appointments impacted"}],"endTime":1777966889319,"message":"","name":"C:\\Users\\arjun\\OneDrive\\Desktop\\projrct\\MedixFlow_final\\apps\\api\\tests\\unit\\usecases\\doctor\\ProcessDoctorLeaveUseCase.test.ts","startTime":1777966884506,"status":"passed","summary":""},{"assertionResults":[{"ancestorTitles":["GetDoctorProfileUseCase"],"duration":18,"failing":false,"failureDetails":[],"failureMessages":[],"fullName":"GetDoctorProfileUseCase should call repository getProfile","invocations":1,"location":null,"numPassingAsserts":2,"retryReasons":[],"startAt":1777966889998,"status":"passed","title":"should call repository getProfile"}],"endTime":1777966890040,"message":"","name":"C:\\Users\\arjun\\OneDrive\\Desktop\\projrct\\MedixFlow_final\\apps\\api\\tests\\unit\\usecases\\doctor\\getDoctorProfile.test.ts","startTime":1777966885293,"status":"passed","summary":""},{"assertionResults":[{"ancestorTitles":["CancelLeaveUseCase"],"duration":14,"failing":false,"failureDetails":[],"failureMessages":[],"fullName":"CancelLeaveUseCase should successfully cancel leave","invocations":1,"location":null,"numPassingAsserts":2,"retryReasons":[],"startAt":1777966890010,"status":"passed","title":"should successfully cancel leave"},{"ancestorTitles":["CancelLeaveUseCase"],"duration":67,"failing":false,"failureDetails":[],"failureMessages":[],"fullName":"CancelLeaveUseCase should throw error if unauthorized","invocations":1,"location":null,"numPassingAsserts":1,"retryReasons":[],"startAt":1777966890024,"status":"passed","title":"should throw error if unauthorized"}],"endTime":1777966890093,"message":"","name":"C:\\Users\\arjun\\OneDrive\\Desktop\\projrct\\MedixFlow_final\\apps\\api\\tests\\unit\\usecases\\leave\\CancelLeaveUseCase.test.ts","startTime":1777966885500,"status":"passed","summary":""},{"assertionResults":[{"ancestorTitles":["UpdateAppointmentStatusUseCase"],"duration":28,"failing":false,"failureDetails":[],"failureMessages":[],"fullName":"UpdateAppointmentStatusUseCase should successfully update status and emit events","invocations":1,"location":null,"numPassingAsserts":4,"retryReasons":[],"startAt":1777966890563,"status":"passed","title":"should successfully update status and emit events"},{"ancestorTitles":["UpdateAppointmentStatusUseCase"],"duration":2,"failing":false,"failureDetails":[],"failureMessages":[],"fullName":"UpdateAppointmentStatusUseCase should not remove from queue if status is not final","invocations":1,"location":null,"numPassingAsserts":2,"retryReasons":[],"startAt":1777966890592,"status":"passed","title":"should not remove from queue if status is not final"},{"ancestorTitles":["UpdateAppointmentStatusUseCase"],"duration":39,"failing":false,"failureDetails":[],"failureMessages":[],"fullName":"UpdateAppointmentStatusUseCase should throw error if appointment not found","invocations":1,"location":null,"numPassingAsserts":1,"retryReasons":[],"startAt":1777966890594,"status":"passed","title":"should throw error if appointment not found"}],"endTime":1777966890645,"message":"","name":"C:\\Users\\arjun\\OneDrive\\Desktop\\projrct\\MedixFlow_final\\apps\\api\\tests\\unit\\usecases\\appointment\\updateAppointmentStatus.test.ts","startTime":1777966885881,"status":"passed","summary":""},{"assertionResults":[{"ancestorTitles":["GetAllDoctorsUseCase"],"duration":2,"failing":false,"failureDetails":[],"failureMessages":[],"fullName":"GetAllDoctorsUseCase should call repository getDoctorsFiltered","invocations":1,"location":null,"numPassingAsserts":2,"retryReasons":[],"startAt":1777966892222,"status":"passed","title":"should call repository getDoctorsFiltered"}],"endTime":1777966892228,"message":"","name":"C:\\Users\\arjun\\OneDrive\\Desktop\\projrct\\MedixFlow_final\\apps\\api\\tests\\unit\\usecases\\doctor\\getAllDoctors.test.ts","startTime":1777966887885,"status":"passed","summary":""},{"assertionResults":[{"ancestorTitles":["GetMyLeavesUseCase"],"duration":14,"failing":false,"failureDetails":[],"failureMessages":[],"fullName":"GetMyLeavesUseCase should call repository findByDoctor","invocations":1,"location":null,"numPassingAsserts":1,"retryReasons":[],"startAt":1777966892654,"status":"passed","title":"should call repository findByDoctor"}],"endTime":1777966892670,"message":"","name":"C:\\Users\\arjun\\OneDrive\\Desktop\\projrct\\MedixFlow_final\\apps\\api\\tests\\unit\\usecases\\leave\\GetMyLeavesUseCase.test.ts","startTime":1777966888367,"status":"passed","summary":""},{"assertionResults":[{"ancestorTitles":["SimulatePaymentUseCase"],"duration":22,"failing":false,"failureDetails":[],"failureMessages":[],"fullName":"SimulatePaymentUseCase should call confirmPaymentUseCase on success","invocations":1,"location":null,"numPassingAsserts":1,"retryReasons":[],"startAt":1777966892713,"status":"passed","title":"should call confirmPaymentUseCase on success"},{"ancestorTitles":["SimulatePaymentUseCase"],"duration":2,"failing":false,"failureDetails":[],"failureMessages":[],"fullName":"SimulatePaymentUseCase should update statuses to FAILED and PAYMENT_FAILED_HOLD on failure","invocations":1,"location":null,"numPassingAsserts":2,"retryReasons":[],"startAt":1777966892735,"status":"passed","title":"should update statuses to FAILED and PAYMENT_FAILED_HOLD on failure"}],"endTime":1777966892738,"message":"","name":"C:\\Users\\arjun\\OneDrive\\Desktop\\projrct\\MedixFlow_final\\apps\\api\\tests\\unit\\usecases\\payment\\SimulatePaymentUseCase.test.ts","startTime":1777966888319,"status":"passed","summary":""},{"assertionResults":[{"ancestorTitles":["ApplyLeaveUseCase"],"duration":24,"failing":false,"failureDetails":[],"failureMessages":[],"fullName":"ApplyLeaveUseCase should successfully apply leave when no conflicts","invocations":1,"location":null,"numPassingAsserts":2,"retryReasons":[],"startAt":1777966892789,"status":"passed","title":"should successfully apply leave when no conflicts"},{"ancestorTitles":["ApplyLeaveUseCase"],"duration":47,"failing":false,"failureDetails":[],"failureMessages":[],"fullName":"ApplyLeaveUseCase should throw error if startDate > endDate","invocations":1,"location":null,"numPassingAsserts":1,"retryReasons":[],"startAt":1777966892813,"status":"passed","title":"should throw error if startDate > endDate"},{"ancestorTitles":["ApplyLeaveUseCase"],"duration":187,"failing":false,"failureDetails":[],"failureMessages":[],"fullName":"ApplyLeaveUseCase should throw error if conflicts exist and not suppressed","invocations":1,"location":null,"numPassingAsserts":1,"retryReasons":[],"startAt":1777966892860,"status":"passed","title":"should throw error if conflicts exist and not suppressed"},{"ancestorTitles":["ApplyLeaveUseCase"],"duration":11,"failing":false,"failureDetails":[],"failureMessages":[],"fullName":"ApplyLeaveUseCase should auto-cancel appointments if conflicts exist and suppressed","invocations":1,"location":null,"numPassingAsserts":2,"retryReasons":[],"startAt":1777966893055,"status":"passed","title":"should auto-cancel appointments if conflicts exist and suppressed"}],"endTime":1777966893067,"message":"","name":"C:\\Users\\arjun\\OneDrive\\Desktop\\projrct\\MedixFlow_final\\apps\\api\\tests\\unit\\usecases\\leave\\ApplyLeaveUseCase.test.ts","startTime":1777966888205,"status":"passed","summary":""},{"assertionResults":[{"ancestorTitles":["GetAllLeavesUseCase"],"duration":20,"failing":false,"failureDetails":[],"failureMessages":[],"fullName":"GetAllLeavesUseCase should call repository findAll with filters","invocations":1,"location":null,"numPassingAsserts":1,"retryReasons":[],"startAt":1777966893135,"status":"passed","title":"should call repository findAll with filters"}],"endTime":1777966893160,"message":"","name":"C:\\Users\\arjun\\OneDrive\\Desktop\\projrct\\MedixFlow_final\\apps\\api\\tests\\unit\\usecases\\leave\\GetAllLeavesUseCase.test.ts","startTime":1777966888956,"status":"passed","summary":""},{"assertionResults":[{"ancestorTitles":["ReassignAppointmentUseCase"],"duration":11,"failing":false,"failureDetails":[],"failureMessages":[],"fullName":"ReassignAppointmentUseCase should successfully reassign appointment and notify parties","invocations":1,"location":null,"numPassingAsserts":5,"retryReasons":[],"startAt":1777966893216,"status":"passed","title":"should successfully reassign appointment and notify parties"},{"ancestorTitles":["ReassignAppointmentUseCase"],"duration":32,"failing":false,"failureDetails":[],"failureMessages":[],"fullName":"ReassignAppointmentUseCase should throw error if original appointment not found","invocations":1,"location":null,"numPassingAsserts":1,"retryReasons":[],"startAt":1777966893236,"status":"passed","title":"should throw error if original appointment not found"}],"endTime":1777966893273,"message":"","name":"C:\\Users\\arjun\\OneDrive\\Desktop\\projrct\\MedixFlow_final\\apps\\api\\tests\\unit\\usecases\\appointment\\ReassignAppointmentUseCase.test.ts","startTime":1777966888861,"status":"passed","summary":""},{"assertionResults":[{"ancestorTitles":["LoginDoctorUseCase"],"duration":12,"failing":false,"failureDetails":[],"failureMessages":[],"fullName":"LoginDoctorUseCase should login doctor successfully","invocations":1,"location":null,"numPassingAsserts":3,"retryReasons":[],"startAt":1777966893649,"status":"passed","title":"should login doctor successfully"},{"ancestorTitles":["LoginDoctorUseCase"],"duration":43,"failing":false,"failureDetails":[],"failureMessages":[],"fullName":"LoginDoctorUseCase should throw error if user is not a doctor","invocations":1,"location":null,"numPassingAsserts":1,"retryReasons":[],"startAt":1777966893669,"status":"passed","title":"should throw error if user is not a doctor"},{"ancestorTitles":["LoginDoctorUseCase"],"duration":14,"failing":false,"failureDetails":[],"failureMessages":[],"fullName":"LoginDoctorUseCase should throw error if account is SUSPENDED","invocations":1,"location":null,"numPassingAsserts":1,"retryReasons":[],"startAt":1777966893713,"status":"passed","title":"should throw error if account is SUSPENDED"}],"endTime":1777966893738,"message":"","name":"C:\\Users\\arjun\\OneDrive\\Desktop\\projrct\\MedixFlow_final\\apps\\api\\tests\\unit\\usecases\\auth\\loginDoctor.test.ts","startTime":1777966889147,"status":"passed","summary":""},{"assertionResults":[{"ancestorTitles":["LogoutUseCase"],"duration":13,"failing":false,"failureDetails":[],"failureMessages":[],"fullName":"LogoutUseCase should successfully logout user","invocations":1,"location":null,"numPassingAsserts":2,"retryReasons":[],"startAt":1777966893764,"status":"passed","title":"should successfully logout user"},{"ancestorTitles":["LogoutUseCase"],"duration":22,"failing":false,"failureDetails":[],"failureMessages":[],"fullName":"LogoutUseCase should throw error if userId is missing","invocations":1,"location":null,"numPassingAsserts":1,"retryReasons":[],"startAt":1777966893777,"status":"passed","title":"should throw error if userId is missing"}],"endTime":1777966893807,"message":"","name":"C:\\Users\\arjun\\OneDrive\\Desktop\\projrct\\MedixFlow_final\\apps\\api\\tests\\unit\\usecases\\auth\\logout.test.ts","startTime":1777966889361,"status":"passed","summary":""},{"assertionResults":[{"ancestorTitles":["GetDoctorPrescriptionsUseCase"],"duration":9,"failing":false,"failureDetails":[],"failureMessages":[],"fullName":"GetDoctorPrescriptionsUseCase should call repository getDoctorPrescriptions","invocations":1,"location":null,"numPassingAsserts":2,"retryReasons":[],"startAt":1777966894345,"status":"passed","title":"should call repository getDoctorPrescriptions"}],"endTime":1777966894355,"message":"","name":"C:\\Users\\arjun\\OneDrive\\Desktop\\projrct\\MedixFlow_final\\apps\\api\\tests\\unit\\usecases\\doctor\\getDoctorPrescriptions.test.ts","startTime":1777966890070,"status":"passed","summary":""},{"assertionResults":[{"ancestorTitles":["LoginAdminUseCase"],"duration":8,"failing":false,"failureDetails":[],"failureMessages":[],"fullName":"LoginAdminUseCase should login admin successfully","invocations":1,"location":null,"numPassingAsserts":3,"retryReasons":[],"startAt":1777966894507,"status":"passed","title":"should login admin successfully"},{"ancestorTitles":["LoginAdminUseCase"],"duration":22,"failing":false,"failureDetails":[],"failureMessages":[],"fullName":"LoginAdminUseCase should throw error if user is not an admin","invocations":1,"location":null,"numPassingAsserts":1,"retryReasons":[],"startAt":1777966894521,"status":"passed","title":"should throw error if user is not an admin"}],"endTime":1777966894557,"message":"","name":"C:\\Users\\arjun\\OneDrive\\Desktop\\projrct\\MedixFlow_final\\apps\\api\\tests\\unit\\usecases\\auth\\loginAdmin.test.ts","startTime":1777966890144,"status":"passed","summary":""},{"assertionResults":[{"ancestorTitles":["UpdateDoctorProfileUseCase"],"duration":7,"failing":false,"failureDetails":[],"failureMessages":[],"fullName":"UpdateDoctorProfileUseCase should call repository updateProfile","invocations":1,"location":null,"numPassingAsserts":2,"retryReasons":[],"startAt":1777966894923,"status":"passed","title":"should call repository updateProfile"}],"endTime":1777966894943,"message":"","name":"C:\\Users\\arjun\\OneDrive\\Desktop\\projrct\\MedixFlow_final\\apps\\api\\tests\\unit\\usecases\\doctor\\updateDoctorProfile.test.ts","startTime":1777966890692,"status":"passed","summary":""},{"assertionResults":[{"ancestorTitles":["GoogleAuthUseCase"],"duration":5,"failing":false,"failureDetails":[],"failureMessages":[],"fullName":"GoogleAuthUseCase should successfully login existing google user","invocations":1,"location":null,"numPassingAsserts":3,"retryReasons":[],"startAt":1777966895850,"status":"passed","title":"should successfully login existing google user"},{"ancestorTitles":["GoogleAuthUseCase"],"duration":5,"failing":false,"failureDetails":[],"failureMessages":[],"fullName":"GoogleAuthUseCase should create and login new google user if not found","invocations":1,"location":null,"numPassingAsserts":2,"retryReasons":[],"startAt":1777966895855,"status":"passed","title":"should create and login new google user if not found"},{"ancestorTitles":["GoogleAuthUseCase"],"duration":17,"failing":false,"failureDetails":[],"failureMessages":[],"fullName":"GoogleAuthUseCase should throw error if role is not patient","invocations":1,"location":null,"numPassingAsserts":1,"retryReasons":[],"startAt":1777966895861,"status":"passed","title":"should throw error if role is not patient"},{"ancestorTitles":["GoogleAuthUseCase"],"duration":5,"failing":false,"failureDetails":[],"failureMessages":[],"fullName":"GoogleAuthUseCase should throw error if account is blocked","invocations":1,"location":null,"numPassingAsserts":1,"retryReasons":[],"startAt":1777966895879,"status":"passed","title":"should throw error if account is blocked"}],"endTime":1777966895885,"message":"","name":"C:\\Users\\arjun\\OneDrive\\Desktop\\projrct\\MedixFlow_final\\apps\\api\\tests\\unit\\usecases\\auth\\googleAuth.test.ts","startTime":1777966893327,"status":"passed","summary":""},{"assertionResults":[{"ancestorTitles":["GetPublicDoctorDetailsUseCase"],"duration":3,"failing":false,"failureDetails":[],"failureMessages":[],"fullName":"GetPublicDoctorDetailsUseCase should call repository findProfileById","invocations":1,"location":null,"numPassingAsserts":2,"retryReasons":[],"startAt":1777966895926,"status":"passed","title":"should call repository findProfileById"}],"endTime":1777966895930,"message":"","name":"C:\\Users\\arjun\\OneDrive\\Desktop\\projrct\\MedixFlow_final\\apps\\api\\tests\\unit\\usecases\\doctor\\getPublicDoctorDetails.test.ts","startTime":1777966893776,"status":"passed","summary":""},{"assertionResults":[{"ancestorTitles":["UpdateDoctorPasswordUseCase"],"duration":4,"failing":false,"failureDetails":[],"failureMessages":[],"fullName":"UpdateDoctorPasswordUseCase should successfully update password","invocations":1,"location":null,"numPassingAsserts":2,"retryReasons":[],"startAt":1777966895993,"status":"passed","title":"should successfully update password"},{"ancestorTitles":["UpdateDoctorPasswordUseCase"],"duration":16,"failing":false,"failureDetails":[],"failureMessages":[],"fullName":"UpdateDoctorPasswordUseCase should throw error if new password is too short","invocations":1,"location":null,"numPassingAsserts":1,"retryReasons":[],"startAt":1777966895997,"status":"passed","title":"should throw error if new password is too short"},{"ancestorTitles":["UpdateDoctorPasswordUseCase"],"duration":4,"failing":false,"failureDetails":[],"failureMessages":[],"fullName":"UpdateDoctorPasswordUseCase should throw error if current password is incorrect","invocations":1,"location":null,"numPassingAsserts":1,"retryReasons":[],"startAt":1777966896013,"status":"passed","title":"should throw error if current password is incorrect"}],"endTime":1777966896020,"message":"","name":"C:\\Users\\arjun\\OneDrive\\Desktop\\projrct\\MedixFlow_final\\apps\\api\\tests\\unit\\usecases\\doctor\\updateDoctorPassword.test.ts","startTime":1777966893876,"status":"passed","summary":""},{"assertionResults":[{"ancestorTitles":["GetConsultationDetailsUseCase"],"duration":2,"failing":false,"failureDetails":[],"failureMessages":[],"fullName":"GetConsultationDetailsUseCase should return consultation if doctor matches","invocations":1,"location":null,"numPassingAsserts":1,"retryReasons":[],"startAt":1777966896801,"status":"passed","title":"should return consultation if doctor matches"},{"ancestorTitles":["GetConsultationDetailsUseCase"],"duration":8,"failing":false,"failureDetails":[],"failureMessages":[],"fullName":"GetConsultationDetailsUseCase should throw error if unauthorized doctor","invocations":1,"location":null,"numPassingAsserts":1,"retryReasons":[],"startAt":1777966896803,"status":"passed","title":"should throw error if unauthorized doctor"}],"endTime":1777966896813,"message":"","name":"C:\\Users\\arjun\\OneDrive\\Desktop\\projrct\\MedixFlow_final\\apps\\api\\tests\\unit\\usecases\\consultation\\getConsultationDetails.test.ts","startTime":1777966895902,"status":"passed","summary":""},{"assertionResults":[{"ancestorTitles":["RequestLabTestUseCase"],"duration":4,"failing":false,"failureDetails":[],"failureMessages":[],"fullName":"RequestLabTestUseCase should successfully request lab tests","invocations":1,"location":null,"numPassingAsserts":2,"retryReasons":[],"startAt":1777966896844,"status":"passed","title":"should successfully request lab tests"},{"ancestorTitles":["RequestLabTestUseCase"],"duration":6,"failing":false,"failureDetails":[],"failureMessages":[],"fullName":"RequestLabTestUseCase should throw error if unauthorized doctor","invocations":1,"location":null,"numPassingAsserts":1,"retryReasons":[],"startAt":1777966896848,"status":"passed","title":"should throw error if unauthorized doctor"}],"endTime":1777966896855,"message":"","name":"C:\\Users\\arjun\\OneDrive\\Desktop\\projrct\\MedixFlow_final\\apps\\api\\tests\\unit\\usecases\\consultation\\requestLabTest.test.ts","startTime":1777966895941,"status":"passed","summary":""},{"assertionResults":[{"ancestorTitles":["GetAppointmentByIdUseCase"],"duration":4,"failing":false,"failureDetails":[],"failureMessages":[],"fullName":"GetAppointmentByIdUseCase should call repository findById with id","invocations":1,"location":null,"numPassingAsserts":2,"retryReasons":[],"startAt":1777966896890,"status":"passed","title":"should call repository findById with id"},{"ancestorTitles":["GetAppointmentByIdUseCase"],"duration":1,"failing":false,"failureDetails":[],"failureMessages":[],"fullName":"GetAppointmentByIdUseCase should return null if appointment not found","invocations":1,"location":null,"numPassingAsserts":1,"retryReasons":[],"startAt":1777966896894,"status":"passed","title":"should return null if appointment not found"}],"endTime":1777966896897,"message":"","name":"C:\\Users\\arjun\\OneDrive\\Desktop\\projrct\\MedixFlow_final\\apps\\api\\tests\\unit\\usecases\\appointment\\getAppointmentById.test.ts","startTime":1777966896029,"status":"passed","summary":""},{"assertionResults":[{"ancestorTitles":["GetDoctorQueueUseCase"],"duration":2,"failing":false,"failureDetails":[],"failureMessages":[],"fullName":"GetDoctorQueueUseCase should call repository getDoctorQueue with doctorId and date","invocations":1,"location":null,"numPassingAsserts":2,"retryReasons":[],"startAt":1777966897683,"status":"passed","title":"should call repository getDoctorQueue with doctorId and date"}],"endTime":1777966897685,"message":"","name":"C:\\Users\\arjun\\OneDrive\\Desktop\\projrct\\MedixFlow_final\\apps\\api\\tests\\unit\\usecases\\consultation\\getDoctorQueue.test.ts","startTime":1777966896825,"status":"passed","summary":""},{"assertionResults":[{"ancestorTitles":["GetPatientHistoryUseCase"],"duration":5,"failing":false,"failureDetails":[],"failureMessages":[],"fullName":"GetPatientHistoryUseCase should call repository getPatientHistory with patientId","invocations":1,"location":null,"numPassingAsserts":2,"retryReasons":[],"startAt":1777966897737,"status":"passed","title":"should call repository getPatientHistory with patientId"}],"endTime":1777966897743,"message":"","name":"C:\\Users\\arjun\\OneDrive\\Desktop\\projrct\\MedixFlow_final\\apps\\api\\tests\\unit\\usecases\\consultation\\getPatientHistory.test.ts","startTime":1777966896865,"status":"passed","summary":""},{"assertionResults":[{"ancestorTitles":["GetAllAppointmentsUseCase"],"duration":3,"failing":false,"failureDetails":[],"failureMessages":[],"fullName":"GetAllAppointmentsUseCase should call repository getAllAppointments with filters","invocations":1,"location":null,"numPassingAsserts":2,"retryReasons":[],"startAt":1777966897788,"status":"passed","title":"should call repository getAllAppointments with filters"},{"ancestorTitles":["GetAllAppointmentsUseCase"],"duration":1,"failing":false,"failureDetails":[],"failureMessages":[],"fullName":"GetAllAppointmentsUseCase should call repository with undefined if no filter provided","invocations":1,"location":null,"numPassingAsserts":1,"retryReasons":[],"startAt":1777966897792,"status":"passed","title":"should call repository with undefined if no filter provided"}],"endTime":1777966897794,"message":"","name":"C:\\Users\\arjun\\OneDrive\\Desktop\\projrct\\MedixFlow_final\\apps\\api\\tests\\unit\\usecases\\appointment\\getAllAppointments.test.ts","startTime":1777966896907,"status":"passed","summary":""},{"assertionResults":[],"coverage":{},"endTime":1777966900422,"message":"  ● Test suite failed to run\n\n    Jest worker encountered 4 child process exceptions, exceeding retry limit\n\n      at ChildProcessWorker.initialize (../../node_modules/jest-worker/build/index.js:805:21)\n","name":"C:\\Users\\arjun\\OneDrive\\Desktop\\projrct\\MedixFlow_final\\apps\\api\\tests\\unit\\usecases\\doctor\\updateDoctorSchedules.test.ts","startTime":1777966900422,"status":"failed","summary":""},{"assertionResults":[],"coverage":{},"endTime":1777966900422,"message":"  ● Test suite failed to run\n\n    Jest worker encountered 4 child process exceptions, exceeding retry limit\n\n      at ChildProcessWorker.initialize (../../node_modules/jest-worker/build/index.js:805:21)\n","name":"C:\\Users\\arjun\\OneDrive\\Desktop\\projrct\\MedixFlow_final\\apps\\api\\tests\\unit\\usecases\\doctor\\updatePrescription.test.ts","startTime":1777966900422,"status":"failed","summary":""},{"assertionResults":[],"coverage":{},"endTime":1777966900422,"message":"  ● Test suite failed to run\n\n    Jest worker encountered 4 child process exceptions, exceeding retry limit\n\n      at ChildProcessWorker.initialize (../../node_modules/jest-worker/build/index.js:805:21)\n","name":"C:\\Users\\arjun\\OneDrive\\Desktop\\projrct\\MedixFlow_final\\apps\\api\\tests\\unit\\usecases\\consultation\\startConsultation.test.ts","startTime":1777966900422,"status":"failed","summary":""},{"assertionResults":[],"coverage":{},"endTime":1777966900422,"message":"  ● Test suite failed to run\n\n    Jest worker encountered 4 child process exceptions, exceeding retry limit\n\n      at ChildProcessWorker.initialize (../../node_modules/jest-worker/build/index.js:805:21)\n","name":"C:\\Users\\arjun\\OneDrive\\Desktop\\projrct\\MedixFlow_final\\apps\\api\\tests\\unit\\usecases\\appointment\\getDoctorAppointments.test.ts","startTime":1777966900422,"status":"failed","summary":""},{"assertionResults":[],"coverage":{},"endTime":1777966900422,"message":"  ● Test suite failed to run\n\n    Jest worker encountered 4 child process exceptions, exceeding retry limit\n\n      at ChildProcessWorker.initialize (../../node_modules/jest-worker/build/index.js:805:21)\n","name":"C:\\Users\\arjun\\OneDrive\\Desktop\\projrct\\MedixFlow_final\\apps\\api\\tests\\unit\\usecases\\appointment\\getAvailableSlots.test.ts","startTime":1777966900422,"status":"failed","summary":""},{"assertionResults":[],"coverage":{},"endTime":1777966900422,"message":"  ● Test suite failed to run\n\n    Jest worker encountered 4 child process exceptions, exceeding retry limit\n\n      at ChildProcessWorker.initialize (../../node_modules/jest-worker/build/index.js:805:21)\n","name":"C:\\Users\\arjun\\OneDrive\\Desktop\\projrct\\MedixFlow_final\\apps\\api\\tests\\unit\\usecases\\consultation\\uploadLabTest.test.ts","startTime":1777966900422,"status":"failed","summary":""},{"assertionResults":[],"coverage":{},"endTime":1777966900422,"message":"  ● Test suite failed to run\n\n    Jest worker encountered 4 child process exceptions, exceeding retry limit\n\n      at ChildProcessWorker.initialize (../../node_modules/jest-worker/build/index.js:805:21)\n","name":"C:\\Users\\arjun\\OneDrive\\Desktop\\projrct\\MedixFlow_final\\apps\\api\\tests\\unit\\usecases\\auth\\forgotPassword.test.ts","startTime":1777966900422,"status":"failed","summary":""},{"assertionResults":[],"coverage":{},"endTime":1777966900422,"message":"  ● Test suite failed to run\n\n    Jest worker encountered 4 child process exceptions, exceeding retry limit\n\n      at ChildProcessWorker.initialize (../../node_modules/jest-worker/build/index.js:805:21)\n","name":"C:\\Users\\arjun\\OneDrive\\Desktop\\projrct\\MedixFlow_final\\apps\\api\\tests\\unit\\usecases\\consultation\\checkinPatient.test.ts","startTime":1777966900422,"status":"failed","summary":""},{"assertionResults":[{"ancestorTitles":["GetLabTestsUseCase"],"duration":6,"failing":false,"failureDetails":[],"failureMessages":[],"fullName":"GetLabTestsUseCase should call repository getLabTestsByConsultation with consultationId","invocations":1,"location":null,"numPassingAsserts":2,"retryReasons":[],"startAt":1777966899194,"status":"passed","title":"should call repository getLabTestsByConsultation with consultationId"}],"endTime":1777966899203,"message":"","name":"C:\\Users\\arjun\\OneDrive\\Desktop\\projrct\\MedixFlow_final\\apps\\api\\tests\\unit\\usecases\\consultation\\getLabTests.test.ts","startTime":1777966897697,"status":"passed","summary":""},{"assertionResults":[{"ancestorTitles":["AdminActions UseCases","ToggleBlockPatientUseCase"],"duration":9,"failing":false,"failureDetails":[],"failureMessages":[],"fullName":"AdminActions UseCases ToggleBlockPatientUseCase should toggle block status and return result","invocations":1,"location":null,"numPassingAsserts":3,"retryReasons":[],"startAt":1777966899392,"status":"passed","title":"should toggle block status and return result"},{"ancestorTitles":["AdminActions UseCases","ToggleBlockPatientUseCase"],"duration":1,"failing":false,"failureDetails":[],"failureMessages":[],"fullName":"AdminActions UseCases ToggleBlockPatientUseCase should delete session if status is SUSPENDED","invocations":1,"location":null,"numPassingAsserts":1,"retryReasons":[],"startAt":1777966899410,"status":"passed","title":"should delete session if status is SUSPENDED"},{"ancestorTitles":["AdminActions UseCases","ToggleBlockPatientUseCase"],"duration":7,"failing":false,"failureDetails":[],"failureMessages":[],"fullName":"AdminActions UseCases ToggleBlockPatientUseCase should delete session if status is INACTIVE","invocations":1,"location":null,"numPassingAsserts":1,"retryReasons":[],"startAt":1777966899411,"status":"passed","title":"should delete session if status is INACTIVE"},{"ancestorTitles":["AdminActions UseCases","DeletePatientUseCase"],"duration":1,"failing":false,"failureDetails":[],"failureMessages":[],"fullName":"AdminActions UseCases DeletePatientUseCase should delete patient and return success message","invocations":1,"location":null,"numPassingAsserts":2,"retryReasons":[],"startAt":1777966899420,"status":"passed","title":"should delete patient and return success message"},{"ancestorTitles":["AdminActions UseCases","GetPatientStatsUseCase"],"duration":1,"failing":false,"failureDetails":[],"failureMessages":[],"fullName":"AdminActions UseCases GetPatientStatsUseCase should return combined patient and doctor stats","invocations":1,"location":null,"numPassingAsserts":3,"retryReasons":[],"startAt":1777966899426,"status":"passed","title":"should return combined patient and doctor stats"}],"endTime":1777966899431,"message":"","name":"C:\\Users\\arjun\\OneDrive\\Desktop\\projrct\\MedixFlow_final\\apps\\api\\tests\\unit\\usecases\\admin\\adminActions.test.ts","startTime":1777966897758,"status":"passed","summary":""}],"wasInterrupted":false}
